........................................................................ [ 65%]
......................................                                   [100%]
=============================== warnings summary ===============================
tests/test_torch.py::test_learned_backend_parity_and_gradients
tests/test_torch.py::test_checkpoint_roundtrip
  /mnt/data/tissue-snr-ia-clahe-v0.2.0/src/tsclahe/torch_backend.py:177: RuntimeWarning: Unbound research checkpoint: normalization policy was not saved.
    warnings.warn("Unbound research checkpoint: normalization policy was not saved.", RuntimeWarning)

-- Docs: https://docs.pytest.org/en/stable/how-to/capture-warnings.html
================================ tests coverage ================================
_______________ coverage: platform linux, python 3.13.5-final-0 ________________

Name                           Stmts   Miss  Cover   Missing
------------------------------------------------------------
src/tsclahe/__init__.py            5      0   100%
src/tsclahe/__main__.py            2      2     0%   1-2
src/tsclahe/cli.py                53      5    91%   39-40, 43, 46, 69
src/tsclahe/config.py             90      4    96%   70, 76, 80, 84
src/tsclahe/core.py              246     17    93%   29, 72, 74, 77, 106, 148, 193, 196, 203, 217, 223, 227, 229, 233, 245, 261, 266
src/tsclahe/io.py                111     17    85%   23, 25, 27, 42, 45, 49, 52, 57, 60, 62, 64, 68, 73, 92, 112, 118, 128
src/tsclahe/preprocess.py        138     14    90%   19, 48, 58, 78, 89, 103, 130, 153, 167-171, 176, 183
src/tsclahe/statistics.py         93      1    99%   32
src/tsclahe/streaming.py          48      3    94%   38, 56, 68
src/tsclahe/torch_backend.py     176     20    89%   25, 27, 29, 32, 62, 64, 66, 68, 70, 72, 123, 136, 180, 196, 198, 203-204, 213, 233, 235
src/tsclahe/train.py             209     19    91%   41, 44, 47, 52, 67, 70, 86, 88, 94, 107, 128, 130, 132, 141, 179, 190, 202, 234, 265
src/tsclahe/version.py             3      0   100%
------------------------------------------------------------
TOTAL                           1174    102    91%
Coverage JSON written to file docs/validation/coverage.json
110 passed, 2 warnings in 2.40s
